[debug] [2022-04-06T07:55:27.299Z] ----------------------------------------------------------------------
[debug] [2022-04-06T07:55:27.302Z] Command:       C:\Program Files\nodejs\node.exe C:\Users\Deepak Vishwakarma\AppData\Roaming\npm\node_modules\firebase-tools\lib\bin\firebase.js emulators:start
[debug] [2022-04-06T07:55:27.303Z] CLI Version:   10.5.0
[debug] [2022-04-06T07:55:27.303Z] Platform:      win32
[debug] [2022-04-06T07:55:27.303Z] Node Version:  v16.14.0
[debug] [2022-04-06T07:55:27.304Z] Time:          Wed Apr 06 2022 13:25:27 GMT+0530 (India Standard Time)
[debug] [2022-04-06T07:55:27.304Z] ----------------------------------------------------------------------
[debug] 
[debug] [2022-04-06T07:55:27.486Z] > command requires scopes: ["email","openid","https://www.googleapis.com/auth/cloudplatformprojects.readonly","https://www.googleapis.com/auth/firebase","https://www.googleapis.com/auth/cloud-platform"]
[debug] [2022-04-06T07:55:27.487Z] > authorizing via signed-in user (deepakkin607@gmail.com)
[info] i  emulators: Starting emulators: functions, hosting {"metadata":{"emulator":{"name":"hub"},"message":"Starting emulators: functions, hosting"}}
[debug] [2022-04-06T07:55:27.548Z] [hub] writing locator at C:\Users\DEEPAK~1\AppData\Local\Temp\hub-shopper-stop-8a21f.json
[warn] !  functions: The following emulators are not running, calls to these services from the Functions emulator will affect production: auth, firestore, database, pubsub, storage {"metadata":{"emulator":{"name":"functions"},"message":"The following emulators are not running, calls to these services from the Functions emulator will affect production: \u001b[1mauth, firestore, database, pubsub, storage\u001b[22m"}}
[info] +  functions: Using node@16 from host. {"metadata":{"emulator":{"name":"functions"},"message":"Using node@16 from host."}}
[debug] [2022-04-06T07:55:27.606Z] defaultcredentials: writing to file C:\Users\Deepak Vishwakarma\AppData\Roaming\firebase\deepakkin607_gmail_com_application_default_credentials.json
[debug] [2022-04-06T07:55:27.608Z] Setting GAC to C:\Users\Deepak Vishwakarma\AppData\Roaming\firebase\deepakkin607_gmail_com_application_default_credentials.json {"metadata":{"emulator":{"name":"functions"},"message":"Setting GAC to C:\\Users\\Deepak Vishwakarma\\AppData\\Roaming\\firebase\\deepakkin607_gmail_com_application_default_credentials.json"}}
[debug] [2022-04-06T07:55:27.612Z] > refreshing access token with scopes: []
[debug] [2022-04-06T07:55:27.614Z] >>> HTTP REQUEST POST https://www.googleapis.com/oauth2/v3/token  
 <request body omitted>
[debug] [2022-04-06T07:55:27.798Z] <<< HTTP RESPONSE 200 {"pragma":"no-cache","date":"Wed, 06 Apr 2022 12:22:15 GMT","expires":"Mon, 01 Jan 1990 00:00:00 GMT","cache-control":"no-cache, no-store, max-age=0, must-revalidate","content-type":"application/json; charset=utf-8","vary":"X-Origin, Referer, Origin,Accept-Encoding","server":"scaffolding on HTTPServer2","x-xss-protection":"0","x-frame-options":"SAMEORIGIN","x-content-type-options":"nosniff","alt-svc":"h3=\":443\"; ma=2592000,h3-29=\":443\"; ma=2592000,h3-Q050=\":443\"; ma=2592000,h3-Q046=\":443\"; ma=2592000,h3-Q043=\":443\"; ma=2592000,quic=\":443\"; ma=2592000; v=\"46,43\"","accept-ranges":"none","transfer-encoding":"chunked"}
[debug] [2022-04-06T07:55:27.886Z] >>> [apiv2][query] GET https://firebase.googleapis.com/v1beta1/projects/shopper-stop-8a21f/adminSdkConfig [none]
[debug] [2022-04-06T07:55:28.359Z] <<< [apiv2][status] GET https://firebase.googleapis.com/v1beta1/projects/shopper-stop-8a21f/adminSdkConfig 200
[debug] [2022-04-06T07:55:28.359Z] <<< [apiv2][body] GET https://firebase.googleapis.com/v1beta1/projects/shopper-stop-8a21f/adminSdkConfig {"projectId":"shopper-stop-8a21f","storageBucket":"shopper-stop-8a21f.appspot.com"}
[debug] [2022-04-06T07:55:28.396Z] >>> [apiv2][query] GET https://firebasehosting.googleapis.com/v1beta1/projects/shopper-stop-8a21f/sites 
[debug] [2022-04-06T07:55:30.203Z] <<< [apiv2][status] GET https://firebasehosting.googleapis.com/v1beta1/projects/shopper-stop-8a21f/sites 200
[debug] [2022-04-06T07:55:30.203Z] <<< [apiv2][body] GET https://firebasehosting.googleapis.com/v1beta1/projects/shopper-stop-8a21f/sites {"sites":[{"name":"projects/295577324377/sites/shopper-stop-8a21f","defaultUrl":"https://shopper-stop-8a21f.web.app","appId":"1:295577324377:web:42e49770a25b19669f9a48","type":"DEFAULT_SITE"}]}
[debug] [2022-04-06T07:55:30.204Z] >>> [apiv2][query] GET https://firebase.googleapis.com/v1beta1/projects/shopper-stop-8a21f/webApps/1:295577324377:web:42e49770a25b19669f9a48/config [none]
[debug] [2022-04-06T07:55:31.409Z] <<< [apiv2][status] GET https://firebase.googleapis.com/v1beta1/projects/shopper-stop-8a21f/webApps/1:295577324377:web:42e49770a25b19669f9a48/config 200
[debug] [2022-04-06T07:55:31.410Z] <<< [apiv2][body] GET https://firebase.googleapis.com/v1beta1/projects/shopper-stop-8a21f/webApps/1:295577324377:web:42e49770a25b19669f9a48/config {"projectId":"shopper-stop-8a21f","appId":"1:295577324377:web:42e49770a25b19669f9a48","storageBucket":"shopper-stop-8a21f.appspot.com","apiKey":"AIzaSyArCdjNZWORoBSlJ9-O6uy1S5jHYx3PQ8o","authDomain":"shopper-stop-8a21f.firebaseapp.com","messagingSenderId":"295577324377","measurementId":"G-437B5288CL"}
[info] i  hosting: Serving hosting files from: build {"metadata":{"emulator":{"name":"hosting"},"message":"Serving hosting files from: \u001b[1mbuild\u001b[22m"}}
[info] +  hosting: Local server: http://localhost:5000 {"metadata":{"emulator":{"name":"hosting"},"message":"Local server: \u001b[4m\u001b[1mhttp://localhost:5000\u001b[22m\u001b[24m"}}
[warn] !  ui: Emulator UI unable to start on port 4000, starting on 4001 instead. {"metadata":{"emulator":{"name":"ui"},"message":"Emulator UI unable to start on port 4000, starting on 4001 instead."}}
[debug] [2022-04-06T07:55:31.660Z] Ignoring unsupported arg: auto_download {"metadata":{"emulator":{"name":"ui"},"message":"Ignoring unsupported arg: auto_download"}}
[debug] [2022-04-06T07:55:31.661Z] Ignoring unsupported arg: port {"metadata":{"emulator":{"name":"ui"},"message":"Ignoring unsupported arg: port"}}
[debug] [2022-04-06T07:55:31.661Z] Starting Emulator UI with command {"binary":"node","args":["C:\\Users\\Deepak Vishwakarma\\.cache\\firebase\\emulators\\ui-v1.6.5\\server.bundle.js"],"optionalArgs":[],"joinArgs":false} {"metadata":{"emulator":{"name":"ui"},"message":"Starting Emulator UI with command {\"binary\":\"node\",\"args\":[\"C:\\\\Users\\\\Deepak Vishwakarma\\\\.cache\\\\firebase\\\\emulators\\\\ui-v1.6.5\\\\server.bundle.js\"],\"optionalArgs\":[],\"joinArgs\":false}"}}
[info] i  ui: Emulator UI logging to ui-debug.log {"metadata":{"emulator":{"name":"ui"},"message":"Emulator UI logging to \u001b[1mui-debug.log\u001b[22m"}}
[debug] [2022-04-06T07:55:32.046Z] Web / API server started at localhost:4001
 {"metadata":{"emulator":{"name":"ui"},"message":"Web / API server started at localhost:4001\n"}}
[info] i  functions: Watching "C:\Computer Programming\Final-Project\shopping\functions" for Cloud Functions... {"metadata":{"emulator":{"name":"functions"},"message":"Watching \"C:\\Computer Programming\\Final-Project\\shopping\\functions\" for Cloud Functions..."}}
[debug] [2022-04-06T07:55:32.214Z] Validating nodejs source
[debug] [2022-04-06T07:55:49.773Z] > [functions] package.json contents: {
  "name": "functions",
  "description": "Cloud Functions for Firebase",
  "scripts": {
    "lint": "eslint .",
    "serve": "firebase emulators:start --only functions",
    "shell": "firebase functions:shell",
    "start": "npm run shell",
    "deploy": "firebase deploy --only functions",
    "logs": "firebase functions:log"
  },
  "engines": {
    "node": "16"
  },
  "main": "index.js",
  "dependencies": {
    "cors": "^2.8.5",
    "express": "^4.17.3",
    "firebase-admin": "^10.0.2",
    "firebase-functions": "^3.18.0",
    "stripe": "^8.215.0"
  },
  "devDependencies": {
    "eslint": "^8.9.0",
    "eslint-config-google": "^0.14.0",
    "firebase-functions-test": "^0.2.0"
  },
  "private": true
}
[debug] [2022-04-06T07:55:49.774Z] Building nodejs source
[debug] [2022-04-06T07:55:49.774Z] Analyzing nodejs backend spec
[info] +  functions[us-central1-api]: http function initialized (http://localhost:5001/shopper-stop-8a21f/us-central1/api). {"metadata":{"emulator":{"name":"functions"},"message":"\u001b[1mhttp\u001b[22m function initialized (http://localhost:5001/shopper-stop-8a21f/us-central1/api)."}}
[info] 
┌─────────────────────────────────────────────────────────────┐
│ ✔  All emulators ready! It is now safe to connect your app. │
│ i  View Emulator UI at http://localhost:4001                │
└─────────────────────────────────────────────────────────────┘

┌───────────┬────────────────┬─────────────────────────────────┐
│ Emulator  │ Host:Port      │ View in Emulator UI             │
├───────────┼────────────────┼─────────────────────────────────┤
│ Functions │ localhost:5001 │ http://localhost:4001/functions │
├───────────┼────────────────┼─────────────────────────────────┤
│ Hosting   │ localhost:5000 │ n/a                             │
└───────────┴────────────────┴─────────────────────────────────┘
  Emulator Hub running at localhost:4400
  Other reserved ports: 4500

Issues? Report them at https://github.com/firebase/firebase-tools/issues and attach the *-debug.log files.
 
[debug] [2022-04-06T07:58:15.915Z] File C:\Computer Programming\Final-Project\shopping\functions\index.js changed, reloading triggers {"metadata":{"emulator":{"name":"functions"},"message":"File C:\\Computer Programming\\Final-Project\\shopping\\functions\\index.js changed, reloading triggers"}}
[debug] [2022-04-06T07:58:16.956Z] Validating nodejs source
[debug] [2022-04-06T07:58:28.750Z] > [functions] package.json contents: {
  "name": "functions",
  "description": "Cloud Functions for Firebase",
  "scripts": {
    "lint": "eslint .",
    "serve": "firebase emulators:start --only functions",
    "shell": "firebase functions:shell",
    "start": "npm run shell",
    "deploy": "firebase deploy --only functions",
    "logs": "firebase functions:log"
  },
  "engines": {
    "node": "16"
  },
  "main": "index.js",
  "dependencies": {
    "cors": "^2.8.5",
    "express": "^4.17.3",
    "firebase-admin": "^10.0.2",
    "firebase-functions": "^3.18.0",
    "stripe": "^8.215.0"
  },
  "devDependencies": {
    "eslint": "^8.9.0",
    "eslint-config-google": "^0.14.0",
    "firebase-functions-test": "^0.2.0"
  },
  "private": true
}
[debug] [2022-04-06T07:58:28.751Z] Building nodejs source
[debug] [2022-04-06T07:58:28.751Z] Analyzing nodejs backend spec
[debug] [2022-04-06T08:00:20.007Z] File C:\Computer Programming\Final-Project\shopping\functions\index.js changed, reloading triggers {"metadata":{"emulator":{"name":"functions"},"message":"File C:\\Computer Programming\\Final-Project\\shopping\\functions\\index.js changed, reloading triggers"}}
[debug] [2022-04-06T08:00:21.034Z] Validating nodejs source
[debug] [2022-04-06T08:00:26.216Z] > [functions] package.json contents: {
  "name": "functions",
  "description": "Cloud Functions for Firebase",
  "scripts": {
    "lint": "eslint .",
    "serve": "firebase emulators:start --only functions",
    "shell": "firebase functions:shell",
    "start": "npm run shell",
    "deploy": "firebase deploy --only functions",
    "logs": "firebase functions:log"
  },
  "engines": {
    "node": "16"
  },
  "main": "index.js",
  "dependencies": {
    "cors": "^2.8.5",
    "express": "^4.17.3",
    "firebase-admin": "^10.0.2",
    "firebase-functions": "^3.18.0",
    "stripe": "^8.215.0"
  },
  "devDependencies": {
    "eslint": "^8.9.0",
    "eslint-config-google": "^0.14.0",
    "firebase-functions-test": "^0.2.0"
  },
  "private": true
}
[debug] [2022-04-06T08:00:26.216Z] Building nodejs source
[debug] [2022-04-06T08:00:26.216Z] Analyzing nodejs backend spec
[debug] [2022-04-06T08:03:17.552Z] File C:\Computer Programming\Final-Project\shopping\functions\index.js changed, reloading triggers {"metadata":{"emulator":{"name":"functions"},"message":"File C:\\Computer Programming\\Final-Project\\shopping\\functions\\index.js changed, reloading triggers"}}
[debug] [2022-04-06T08:03:18.566Z] Validating nodejs source
[debug] [2022-04-06T08:03:23.668Z] > [functions] package.json contents: {
  "name": "functions",
  "description": "Cloud Functions for Firebase",
  "scripts": {
    "lint": "eslint .",
    "serve": "firebase emulators:start --only functions",
    "shell": "firebase functions:shell",
    "start": "npm run shell",
    "deploy": "firebase deploy --only functions",
    "logs": "firebase functions:log"
  },
  "engines": {
    "node": "16"
  },
  "main": "index.js",
  "dependencies": {
    "cors": "^2.8.5",
    "express": "^4.17.3",
    "firebase-admin": "^10.0.2",
    "firebase-functions": "^3.18.0",
    "stripe": "^8.215.0"
  },
  "devDependencies": {
    "eslint": "^8.9.0",
    "eslint-config-google": "^0.14.0",
    "firebase-functions-test": "^0.2.0"
  },
  "private": true
}
[debug] [2022-04-06T08:03:23.669Z] Building nodejs source
[debug] [2022-04-06T08:03:23.669Z] Analyzing nodejs backend spec
[debug] [2022-04-06T08:06:44.857Z] File C:\Computer Programming\Final-Project\shopping\functions\index.js changed, reloading triggers {"metadata":{"emulator":{"name":"functions"},"message":"File C:\\Computer Programming\\Final-Project\\shopping\\functions\\index.js changed, reloading triggers"}}
[debug] [2022-04-06T08:06:45.861Z] Validating nodejs source
[debug] [2022-04-06T08:06:51.768Z] > [functions] package.json contents: {
  "name": "functions",
  "description": "Cloud Functions for Firebase",
  "scripts": {
    "lint": "eslint .",
    "serve": "firebase emulators:start --only functions",
    "shell": "firebase functions:shell",
    "start": "npm run shell",
    "deploy": "firebase deploy --only functions",
    "logs": "firebase functions:log"
  },
  "engines": {
    "node": "16"
  },
  "main": "index.js",
  "dependencies": {
    "cors": "^2.8.5",
    "express": "^4.17.3",
    "firebase-admin": "^10.0.2",
    "firebase-functions": "^3.18.0",
    "stripe": "^8.215.0"
  },
  "devDependencies": {
    "eslint": "^8.9.0",
    "eslint-config-google": "^0.14.0",
    "firebase-functions-test": "^0.2.0"
  },
  "private": true
}
[debug] [2022-04-06T08:06:51.769Z] Building nodejs source
[debug] [2022-04-06T08:06:51.769Z] Analyzing nodejs backend spec
[debug] [2022-04-06T08:13:26.876Z] File C:\Computer Programming\Final-Project\shopping\functions\index.js changed, reloading triggers {"metadata":{"emulator":{"name":"functions"},"message":"File C:\\Computer Programming\\Final-Project\\shopping\\functions\\index.js changed, reloading triggers"}}
[debug] [2022-04-06T08:13:27.890Z] Validating nodejs source
[debug] [2022-04-06T08:13:36.859Z] > [functions] package.json contents: {
  "name": "functions",
  "description": "Cloud Functions for Firebase",
  "scripts": {
    "lint": "eslint .",
    "serve": "firebase emulators:start --only functions",
    "shell": "firebase functions:shell",
    "start": "npm run shell",
    "deploy": "firebase deploy --only functions",
    "logs": "firebase functions:log"
  },
  "engines": {
    "node": "16"
  },
  "main": "index.js",
  "dependencies": {
    "cors": "^2.8.5",
    "express": "^4.17.3",
    "firebase-admin": "^10.0.2",
    "firebase-functions": "^3.18.0",
    "stripe": "^8.215.0"
  },
  "devDependencies": {
    "eslint": "^8.9.0",
    "eslint-config-google": "^0.14.0",
    "firebase-functions-test": "^0.2.0"
  },
  "private": true
}
[debug] [2022-04-06T08:13:36.859Z] Building nodejs source
[debug] [2022-04-06T08:13:36.859Z] Analyzing nodejs backend spec
[debug] [2022-04-06T08:14:29.427Z] File C:\Computer Programming\Final-Project\shopping\functions\index.js changed, reloading triggers {"metadata":{"emulator":{"name":"functions"},"message":"File C:\\Computer Programming\\Final-Project\\shopping\\functions\\index.js changed, reloading triggers"}}
[debug] [2022-04-06T08:14:30.442Z] Validating nodejs source
[debug] [2022-04-06T08:14:35.544Z] > [functions] package.json contents: {
  "name": "functions",
  "description": "Cloud Functions for Firebase",
  "scripts": {
    "lint": "eslint .",
    "serve": "firebase emulators:start --only functions",
    "shell": "firebase functions:shell",
    "start": "npm run shell",
    "deploy": "firebase deploy --only functions",
    "logs": "firebase functions:log"
  },
  "engines": {
    "node": "16"
  },
  "main": "index.js",
  "dependencies": {
    "cors": "^2.8.5",
    "express": "^4.17.3",
    "firebase-admin": "^10.0.2",
    "firebase-functions": "^3.18.0",
    "stripe": "^8.215.0"
  },
  "devDependencies": {
    "eslint": "^8.9.0",
    "eslint-config-google": "^0.14.0",
    "firebase-functions-test": "^0.2.0"
  },
  "private": true
}
[debug] [2022-04-06T08:14:35.544Z] Building nodejs source
[debug] [2022-04-06T08:14:35.544Z] Analyzing nodejs backend spec
